<?xml version="1.0" encoding="UTF-8"?>
<coverage generated="1681163965511" clover="3.2.0">
  <project timestamp="1681163965512" name="All files">
    <metrics statements="46" coveredstatements="46" conditionals="35" coveredconditionals="31" methods="13" coveredmethods="13" elements="94" coveredelements="90" complexity="0" loc="46" ncloc="46" packages="1" files="3" classes="3"/>
    <file name="Friend.js" path="C:\Users\migue\Documents\Uni\Uniovi\Tercero\ASW\lomap_es1c\backend\models\Friend.js">
      <metrics statements="10" coveredstatements="10" conditionals="7" coveredconditionals="6" methods="3" coveredmethods="3"/>
      <line num="3" count="5" type="stmt"/>
      <line num="4" count="5" type="cond" truecount="4" falsecount="0"/>
      <line num="5" count="2" type="stmt"/>
      <line num="7" count="3" type="stmt"/>
      <line num="8" count="3" type="cond" truecount="1" falsecount="1"/>
      <line num="12" count="1" type="stmt"/>
      <line num="15" count="3" type="stmt"/>
      <line num="16" count="3" type="stmt"/>
      <line num="17" count="3" type="stmt"/>
      <line num="21" count="1" type="stmt"/>
    </file>
    <file name="Map.js" path="C:\Users\migue\Documents\Uni\Uniovi\Tercero\ASW\lomap_es1c\backend\models\Map.js">
      <metrics statements="11" coveredstatements="11" conditionals="10" coveredconditionals="9" methods="4" coveredmethods="4"/>
      <line num="3" count="6" type="cond" truecount="4" falsecount="0"/>
      <line num="4" count="1" type="stmt"/>
      <line num="6" count="5" type="cond" truecount="2" falsecount="0"/>
      <line num="7" count="5" type="stmt"/>
      <line num="8" count="5" type="cond" truecount="1" falsecount="1"/>
      <line num="12" count="1" type="stmt"/>
      <line num="16" count="1" type="stmt"/>
      <line num="20" count="5" type="stmt"/>
      <line num="21" count="5" type="stmt"/>
      <line num="22" count="5" type="stmt"/>
      <line num="26" count="1" type="stmt"/>
    </file>
    <file name="Route.js" path="C:\Users\migue\Documents\Uni\Uniovi\Tercero\ASW\lomap_es1c\backend\models\Route.js">
      <metrics statements="25" coveredstatements="25" conditionals="18" coveredconditionals="16" methods="6" coveredmethods="6"/>
      <line num="3" count="12" type="cond" truecount="4" falsecount="0"/>
      <line num="4" count="2" type="stmt"/>
      <line num="6" count="10" type="cond" truecount="4" falsecount="0"/>
      <line num="7" count="2" type="stmt"/>
      <line num="10" count="8" type="cond" truecount="1" falsecount="1"/>
      <line num="11" count="8" type="stmt"/>
      <line num="12" count="8" type="stmt"/>
      <line num="13" count="8" type="cond" truecount="1" falsecount="1"/>
      <line num="14" count="8" type="stmt"/>
      <line num="18" count="6" type="stmt"/>
      <line num="21" count="2" type="stmt"/>
      <line num="22" count="1" type="stmt"/>
      <line num="24" count="2" type="cond" truecount="2" falsecount="0"/>
      <line num="25" count="1" type="stmt"/>
      <line num="27" count="1" type="stmt"/>
      <line num="28" count="1" type="stmt"/>
      <line num="32" count="2" type="stmt"/>
      <line num="33" count="2" type="cond" truecount="2" falsecount="0"/>
      <line num="34" count="1" type="stmt"/>
      <line num="36" count="1" type="stmt"/>
      <line num="37" count="1" type="stmt"/>
      <line num="41" count="8" type="stmt"/>
      <line num="42" count="8" type="stmt"/>
      <line num="43" count="8" type="stmt"/>
      <line num="46" count="1" type="stmt"/>
    </file>
  </project>
</coverage>
