{"C:\\Users\\migue\\Documents\\Uni\\Uniovi\\Tercero\\ASW\\lomap_es1c\\backend\\models\\Friend.js": {"path":"C:\\Users\\migue\\Documents\\Uni\\Uniovi\\Tercero\\ASW\\lomap_es1c\\backend\\models\\Friend.js","statementMap":{"0":{"start":{"line":3,"column":2},"end":{"line":3,"column":19}},"1":{"start":{"line":4,"column":2},"end":{"line":6,"column":3}},"2":{"start":{"line":5,"column":3},"end":{"line":5,"column":53}},"3":{"start":{"line":7,"column":2},"end":{"line":7,"column":21}},"4":{"start":{"line":8,"column":2},"end":{"line":8,"column":46}},"5":{"start":{"line":12,"column":2},"end":{"line":12,"column":19}},"6":{"start":{"line":15,"column":27},"end":{"line":15,"column":69}},"7":{"start":{"line":16,"column":22},"end":{"line":16,"column":42}},"8":{"start":{"line":17,"column":2},"end":{"line":17,"column":46}},"9":{"start":{"line":21,"column":0},"end":{"line":21,"column":24}}},"fnMap":{"0":{"name":"(anonymous_0)","decl":{"start":{"line":2,"column":1},"end":{"line":2,"column":2}},"loc":{"start":{"line":2,"column":37},"end":{"line":9,"column":2}},"line":2},"1":{"name":"(anonymous_1)","decl":{"start":{"line":11,"column":1},"end":{"line":11,"column":2}},"loc":{"start":{"line":11,"column":18},"end":{"line":13,"column":2}},"line":11},"2":{"name":"(anonymous_2)","decl":{"start":{"line":14,"column":1},"end":{"line":14,"column":2}},"loc":{"start":{"line":14,"column":20},"end":{"line":18,"column":2}},"line":14}},"branchMap":{"0":{"loc":{"start":{"line":2,"column":26},"end":{"line":2,"column":35}},"type":"default-arg","locations":[{"start":{"line":2,"column":31},"end":{"line":2,"column":35}}],"line":2},"1":{"loc":{"start":{"line":4,"column":2},"end":{"line":6,"column":3}},"type":"if","locations":[{"start":{"line":4,"column":2},"end":{"line":6,"column":3}},{"start":{},"end":{}}],"line":4},"2":{"loc":{"start":{"line":4,"column":6},"end":{"line":4,"column":41}},"type":"binary-expr","locations":[{"start":{"line":4,"column":6},"end":{"line":4,"column":12}},{"start":{"line":4,"column":16},"end":{"line":4,"column":41}}],"line":4},"3":{"loc":{"start":{"line":8,"column":12},"end":{"line":8,"column":45}},"type":"cond-expr","locations":[{"start":{"line":8,"column":17},"end":{"line":8,"column":19}},{"start":{"line":8,"column":22},"end":{"line":8,"column":45}}],"line":8}},"s":{"0":5,"1":5,"2":2,"3":3,"4":3,"5":1,"6":3,"7":3,"8":3,"9":1},"f":{"0":5,"1":1,"2":3},"b":{"0":[5],"1":[2,3],"2":[5,3],"3":[0,3]},"_coverageSchema":"1a1c01bbd47fc00a2c39e90264f33305004495a9","hash":"533a05a6dcf38cf6fd08aeb355b76c8c73e80da7"}
,"C:\\Users\\migue\\Documents\\Uni\\Uniovi\\Tercero\\ASW\\lomap_es1c\\backend\\models\\Map.js": {"path":"C:\\Users\\migue\\Documents\\Uni\\Uniovi\\Tercero\\ASW\\lomap_es1c\\backend\\models\\Map.js","statementMap":{"0":{"start":{"line":3,"column":2},"end":{"line":5,"column":3}},"1":{"start":{"line":4,"column":3},"end":{"line":4,"column":55}},"2":{"start":{"line":6,"column":2},"end":{"line":6,"column":46}},"3":{"start":{"line":7,"column":2},"end":{"line":7,"column":19}},"4":{"start":{"line":8,"column":2},"end":{"line":8,"column":35}},"5":{"start":{"line":12,"column":2},"end":{"line":12,"column":32}},"6":{"start":{"line":16,"column":2},"end":{"line":16,"column":19}},"7":{"start":{"line":20,"column":27},"end":{"line":20,"column":69}},"8":{"start":{"line":21,"column":22},"end":{"line":21,"column":42}},"9":{"start":{"line":22,"column":2},"end":{"line":22,"column":46}},"10":{"start":{"line":26,"column":0},"end":{"line":26,"column":21}}},"fnMap":{"0":{"name":"(anonymous_0)","decl":{"start":{"line":2,"column":1},"end":{"line":2,"column":2}},"loc":{"start":{"line":2,"column":46},"end":{"line":9,"column":2}},"line":2},"1":{"name":"(anonymous_1)","decl":{"start":{"line":11,"column":1},"end":{"line":11,"column":2}},"loc":{"start":{"line":11,"column":23},"end":{"line":13,"column":2}},"line":11},"2":{"name":"(anonymous_2)","decl":{"start":{"line":15,"column":1},"end":{"line":15,"column":2}},"loc":{"start":{"line":15,"column":18},"end":{"line":17,"column":2}},"line":15},"3":{"name":"(anonymous_3)","decl":{"start":{"line":19,"column":1},"end":{"line":19,"column":2}},"loc":{"start":{"line":19,"column":20},"end":{"line":23,"column":2}},"line":19}},"branchMap":{"0":{"loc":{"start":{"line":2,"column":19},"end":{"line":2,"column":28}},"type":"default-arg","locations":[{"start":{"line":2,"column":24},"end":{"line":2,"column":28}}],"line":2},"1":{"loc":{"start":{"line":2,"column":30},"end":{"line":2,"column":44}},"type":"default-arg","locations":[{"start":{"line":2,"column":42},"end":{"line":2,"column":44}}],"line":2},"2":{"loc":{"start":{"line":3,"column":2},"end":{"line":5,"column":3}},"type":"if","locations":[{"start":{"line":3,"column":2},"end":{"line":5,"column":3}},{"start":{},"end":{}}],"line":3},"3":{"loc":{"start":{"line":3,"column":6},"end":{"line":3,"column":39}},"type":"binary-expr","locations":[{"start":{"line":3,"column":6},"end":{"line":3,"column":11}},{"start":{"line":3,"column":15},"end":{"line":3,"column":39}}],"line":3},"4":{"loc":{"start":{"line":6,"column":12},"end":{"line":6,"column":45}},"type":"cond-expr","locations":[{"start":{"line":6,"column":17},"end":{"line":6,"column":19}},{"start":{"line":6,"column":22},"end":{"line":6,"column":45}}],"line":6},"5":{"loc":{"start":{"line":8,"column":19},"end":{"line":8,"column":34}},"type":"binary-expr","locations":[{"start":{"line":8,"column":19},"end":{"line":8,"column":28}},{"start":{"line":8,"column":32},"end":{"line":8,"column":34}}],"line":8}},"s":{"0":6,"1":1,"2":5,"3":5,"4":5,"5":1,"6":1,"7":5,"8":5,"9":5,"10":1},"f":{"0":6,"1":1,"2":1,"3":5},"b":{"0":[5],"1":[6],"2":[1,5],"3":[6,5],"4":[1,4],"5":[5,0]},"_coverageSchema":"1a1c01bbd47fc00a2c39e90264f33305004495a9","hash":"515a1ebadd0199be193f2c7df1cee980bbe1c536"}
,"C:\\Users\\migue\\Documents\\Uni\\Uniovi\\Tercero\\ASW\\lomap_es1c\\backend\\models\\Route.js": {"path":"C:\\Users\\migue\\Documents\\Uni\\Uniovi\\Tercero\\ASW\\lomap_es1c\\backend\\models\\Route.js","statementMap":{"0":{"start":{"line":3,"column":2},"end":{"line":5,"column":3}},"1":{"start":{"line":4,"column":3},"end":{"line":4,"column":57}},"2":{"start":{"line":6,"column":2},"end":{"line":8,"column":3}},"3":{"start":{"line":7,"column":3},"end":{"line":7,"column":59}},"4":{"start":{"line":10,"column":2},"end":{"line":10,"column":46}},"5":{"start":{"line":11,"column":2},"end":{"line":11,"column":19}},"6":{"start":{"line":12,"column":2},"end":{"line":12,"column":33}},"7":{"start":{"line":13,"column":2},"end":{"line":13,"column":35}},"8":{"start":{"line":14,"column":2},"end":{"line":14,"column":23}},"9":{"start":{"line":18,"column":2},"end":{"line":18,"column":32}},"10":{"start":{"line":21,"column":19},"end":{"line":23,"column":3}},"11":{"start":{"line":22,"column":17},"end":{"line":22,"column":43}},"12":{"start":{"line":24,"column":2},"end":{"line":26,"column":3}},"13":{"start":{"line":25,"column":3},"end":{"line":25,"column":50}},"14":{"start":{"line":27,"column":16},"end":{"line":27,"column":48}},"15":{"start":{"line":28,"column":2},"end":{"line":28,"column":34}},"16":{"start":{"line":32,"column":22},"end":{"line":32,"column":54}},"17":{"start":{"line":33,"column":2},"end":{"line":35,"column":3}},"18":{"start":{"line":34,"column":3},"end":{"line":34,"column":50}},"19":{"start":{"line":36,"column":2},"end":{"line":36,"column":40}},"20":{"start":{"line":37,"column":2},"end":{"line":37,"column":50}},"21":{"start":{"line":41,"column":27},"end":{"line":41,"column":69}},"22":{"start":{"line":42,"column":22},"end":{"line":42,"column":42}},"23":{"start":{"line":43,"column":2},"end":{"line":43,"column":46}},"24":{"start":{"line":46,"column":0},"end":{"line":46,"column":23}}},"fnMap":{"0":{"name":"(anonymous_0)","decl":{"start":{"line":2,"column":1},"end":{"line":2,"column":2}},"loc":{"start":{"line":2,"column":67},"end":{"line":15,"column":2}},"line":2},"1":{"name":"(anonymous_1)","decl":{"start":{"line":17,"column":1},"end":{"line":17,"column":2}},"loc":{"start":{"line":17,"column":23},"end":{"line":19,"column":2}},"line":17},"2":{"name":"(anonymous_2)","decl":{"start":{"line":20,"column":1},"end":{"line":20,"column":2}},"loc":{"start":{"line":20,"column":28},"end":{"line":29,"column":2}},"line":20},"3":{"name":"(anonymous_3)","decl":{"start":{"line":22,"column":3},"end":{"line":22,"column":4}},"loc":{"start":{"line":22,"column":17},"end":{"line":22,"column":43}},"line":22},"4":{"name":"(anonymous_4)","decl":{"start":{"line":31,"column":1},"end":{"line":31,"column":2}},"loc":{"start":{"line":31,"column":36},"end":{"line":38,"column":2}},"line":31},"5":{"name":"(anonymous_5)","decl":{"start":{"line":40,"column":1},"end":{"line":40,"column":2}},"loc":{"start":{"line":40,"column":20},"end":{"line":44,"column":2}},"line":40}},"branchMap":{"0":{"loc":{"start":{"line":2,"column":40},"end":{"line":2,"column":49}},"type":"default-arg","locations":[{"start":{"line":2,"column":45},"end":{"line":2,"column":49}}],"line":2},"1":{"loc":{"start":{"line":2,"column":51},"end":{"line":2,"column":65}},"type":"default-arg","locations":[{"start":{"line":2,"column":63},"end":{"line":2,"column":65}}],"line":2},"2":{"loc":{"start":{"line":3,"column":2},"end":{"line":5,"column":3}},"type":"if","locations":[{"start":{"line":3,"column":2},"end":{"line":5,"column":3}},{"start":{},"end":{}}],"line":3},"3":{"loc":{"start":{"line":3,"column":6},"end":{"line":3,"column":39}},"type":"binary-expr","locations":[{"start":{"line":3,"column":6},"end":{"line":3,"column":11}},{"start":{"line":3,"column":15},"end":{"line":3,"column":39}}],"line":3},"4":{"loc":{"start":{"line":6,"column":2},"end":{"line":8,"column":3}},"type":"if","locations":[{"start":{"line":6,"column":2},"end":{"line":8,"column":3}},{"start":{},"end":{}}],"line":6},"5":{"loc":{"start":{"line":6,"column":6},"end":{"line":6,"column":43}},"type":"binary-expr","locations":[{"start":{"line":6,"column":6},"end":{"line":6,"column":13}},{"start":{"line":6,"column":17},"end":{"line":6,"column":43}}],"line":6},"6":{"loc":{"start":{"line":10,"column":12},"end":{"line":10,"column":45}},"type":"cond-expr","locations":[{"start":{"line":10,"column":17},"end":{"line":10,"column":19}},{"start":{"line":10,"column":22},"end":{"line":10,"column":45}}],"line":10},"7":{"loc":{"start":{"line":13,"column":19},"end":{"line":13,"column":34}},"type":"binary-expr","locations":[{"start":{"line":13,"column":19},"end":{"line":13,"column":28}},{"start":{"line":13,"column":32},"end":{"line":13,"column":34}}],"line":13},"8":{"loc":{"start":{"line":24,"column":2},"end":{"line":26,"column":3}},"type":"if","locations":[{"start":{"line":24,"column":2},"end":{"line":26,"column":3}},{"start":{},"end":{}}],"line":24},"9":{"loc":{"start":{"line":33,"column":2},"end":{"line":35,"column":3}},"type":"if","locations":[{"start":{"line":33,"column":2},"end":{"line":35,"column":3}},{"start":{},"end":{}}],"line":33}},"s":{"0":12,"1":2,"2":10,"3":2,"4":8,"5":8,"6":8,"7":8,"8":8,"9":6,"10":2,"11":1,"12":2,"13":1,"14":1,"15":1,"16":2,"17":2,"18":1,"19":1,"20":1,"21":8,"22":8,"23":8,"24":1},"f":{"0":12,"1":6,"2":2,"3":1,"4":2,"5":8},"b":{"0":[12],"1":[12],"2":[2,10],"3":[12,10],"4":[2,8],"5":[10,8],"6":[0,8],"7":[8,0],"8":[1,1],"9":[1,1]},"_coverageSchema":"1a1c01bbd47fc00a2c39e90264f33305004495a9","hash":"35f863ddf234cb134074e61f7f111f31e89fc345"}
}
