TN:
SF:models\Friend.js
FN:2,(anonymous_0)
FN:11,(anonymous_1)
FN:14,(anonymous_2)
FNF:3
FNH:3
FNDA:5,(anonymous_0)
FNDA:1,(anonymous_1)
FNDA:3,(anonymous_2)
DA:3,5
DA:4,5
DA:5,2
DA:7,3
DA:8,3
DA:12,1
DA:15,3
DA:16,3
DA:17,3
DA:21,1
LF:10
LH:10
BRDA:2,0,0,5
BRDA:4,1,0,2
BRDA:4,1,1,3
BRDA:4,2,0,5
BRDA:4,2,1,3
BRDA:8,3,0,0
BRDA:8,3,1,3
BRF:7
BRH:6
end_of_record
TN:
SF:models\Map.js
FN:2,(anonymous_0)
FN:11,(anonymous_1)
FN:15,(anonymous_2)
FN:19,(anonymous_3)
FNF:4
FNH:4
FNDA:6,(anonymous_0)
FNDA:1,(anonymous_1)
FNDA:1,(anonymous_2)
FNDA:5,(anonymous_3)
DA:3,6
DA:4,1
DA:6,5
DA:7,5
DA:8,5
DA:12,1
DA:16,1
DA:20,5
DA:21,5
DA:22,5
DA:26,1
LF:11
LH:11
BRDA:2,0,0,5
BRDA:2,1,0,6
BRDA:3,2,0,1
BRDA:3,2,1,5
BRDA:3,3,0,6
BRDA:3,3,1,5
BRDA:6,4,0,1
BRDA:6,4,1,4
BRDA:8,5,0,5
BRDA:8,5,1,0
BRF:10
BRH:9
end_of_record
TN:
SF:models\Route.js
FN:2,(anonymous_0)
FN:17,(anonymous_1)
FN:20,(anonymous_2)
FN:22,(anonymous_3)
FN:31,(anonymous_4)
FN:40,(anonymous_5)
FNF:6
FNH:6
FNDA:12,(anonymous_0)
FNDA:6,(anonymous_1)
FNDA:2,(anonymous_2)
FNDA:1,(anonymous_3)
FNDA:2,(anonymous_4)
FNDA:8,(anonymous_5)
DA:3,12
DA:4,2
DA:6,10
DA:7,2
DA:10,8
DA:11,8
DA:12,8
DA:13,8
DA:14,8
DA:18,6
DA:21,2
DA:22,1
DA:24,2
DA:25,1
DA:27,1
DA:28,1
DA:32,2
DA:33,2
DA:34,1
DA:36,1
DA:37,1
DA:41,8
DA:42,8
DA:43,8
DA:46,1
LF:25
LH:25
BRDA:2,0,0,12
BRDA:2,1,0,12
BRDA:3,2,0,2
BRDA:3,2,1,10
BRDA:3,3,0,12
BRDA:3,3,1,10
BRDA:6,4,0,2
BRDA:6,4,1,8
BRDA:6,5,0,10
BRDA:6,5,1,8
BRDA:10,6,0,0
BRDA:10,6,1,8
BRDA:13,7,0,8
BRDA:13,7,1,0
BRDA:24,8,0,1
BRDA:24,8,1,1
BRDA:33,9,0,1
BRDA:33,9,1,1
BRF:18
BRH:16
end_of_record
